# JRE version: OpenJDK Runtime Environment (21.0.10) (build 21.0.10+-14961533-b1163.108)
# Java VM: OpenJDK 64-Bit Server VM (21.0.10+-14961533-b1163.108, mixed mode, tiered, compressed oops, compressed class ptrs, g1 gc, windows-amd64)
GC Precious Log:
 CardTable entry size: 512
 Card Set container configuration: InlinePtr #cards 4 size 8 Array Of Cards #cards 16 size 48 Howl #buckets 8 coarsen threshold 3686 Howl Bitmap #cards 512 size 80 coarsen threshold 460 Card regions per heap region 1 cards per card region 4096
 CPUs: 12 total, 12 available
 Memory: 7899M
 Large Page Support: Disabled
 NUMA Support: Disabled
 Compressed Oops: Enabled (Zero based)
 Heap Region Size: 2M
 Heap Min Capacity: 8M
 Heap Initial Capacity: 124M
 Heap Max Capacity: 4G
 Pre-touch: Disabled
 Parallel Workers: 10
 Concurrent Workers: 3
 Concurrent Refinement Workers: 10
 Periodic GC: Disabled
Heap:
 garbage-first heap   total 602112K, used 540604K [0x0000000700000000, 0x0000000800000000)
  region size 2048K, 88 young (180224K), 4 survivors (8192K)
 Metaspace       used 241632K, committed 244992K, reserved 1310720K
  class space    used 30712K, committed 32320K, reserved 1048576K
GC Heap History (20 events):
Event: 48.801 GC heap before
{Heap before GC invocations=104 (full 0):
 garbage-first heap   total 516096K, used 510023K [0x0000000700000000, 0x0000000800000000)
  region size 2048K, 132 young (270336K), 9 survivors (18432K)
 Metaspace       used 214455K, committed 217664K, reserved 1245184K
  class space    used 27400K, committed 28928K, reserved 1048576K
}
Event: 48.824 GC heap after
{Heap after GC invocations=105 (full 0):
 garbage-first heap   total 542720K, used 241107K [0x0000000700000000, 0x0000000800000000)
  region size 2048K, 13 young (26624K), 13 survivors (26624K)
 Metaspace       used 214455K, committed 217664K, reserved 1245184K
  class space    used 27400K, committed 28928K, reserved 1048576K
}
Event: 50.154 GC heap before
{Heap before GC invocations=105 (full 0):
 garbage-first heap   total 542720K, used 505299K [0x0000000700000000, 0x0000000800000000)
  region size 2048K, 142 young (290816K), 13 survivors (26624K)
 Metaspace       used 218728K, committed 221952K, reserved 1245184K
  class space    used 28005K, committed 29568K, reserved 1048576K
}
Event: 50.168 GC heap after
{Heap after GC invocations=106 (full 0):
 garbage-first heap   total 546816K, used 248744K [0x0000000700000000, 0x0000000800000000)
  region size 2048K, 13 young (26624K), 13 survivors (26624K)
 Metaspace       used 218728K, committed 221952K, reserved 1245184K
  class space    used 28005K, committed 29568K, reserved 1048576K
}
Event: 53.217 GC heap before
{Heap before GC invocations=106 (full 0):
 garbage-first heap   total 546816K, used 492456K [0x0000000700000000, 0x0000000800000000)
  region size 2048K, 134 young (274432K), 13 survivors (26624K)
 Metaspace       used 232367K, committed 235776K, reserved 1310720K
  class space    used 29687K, committed 31296K, reserved 1048576K
}
Event: 53.236 GC heap after
{Heap after GC invocations=107 (full 0):
 garbage-first heap   total 546816K, used 263982K [0x0000000700000000, 0x0000000800000000)
  region size 2048K, 16 young (32768K), 16 survivors (32768K)
 Metaspace       used 232367K, committed 235776K, reserved 1310720K
  class space    used 29687K, committed 31296K, reserved 1048576K
}
Event: 56.568 GC heap before
{Heap before GC invocations=108 (full 0):
 garbage-first heap   total 546816K, used 503598K [0x0000000700000000, 0x0000000800000000)
  region size 2048K, 134 young (274432K), 16 survivors (32768K)
 Metaspace       used 233503K, committed 236864K, reserved 1310720K
  class space    used 29725K, committed 31296K, reserved 1048576K
}
Event: 56.587 GC heap after
{Heap after GC invocations=109 (full 0):
 garbage-first heap   total 555008K, used 279578K [0x0000000700000000, 0x0000000800000000)
  region size 2048K, 9 young (18432K), 9 survivors (18432K)
 Metaspace       used 233503K, committed 236864K, reserved 1310720K
  class space    used 29725K, committed 31296K, reserved 1048576K
}
Event: 58.864 GC heap before
{Heap before GC invocations=109 (full 0):
 garbage-first heap   total 555008K, used 508954K [0x0000000700000000, 0x0000000800000000)
  region size 2048K, 122 young (249856K), 9 survivors (18432K)
 Metaspace       used 233991K, committed 237312K, reserved 1310720K
  class space    used 29770K, committed 31360K, reserved 1048576K
}
Event: 58.884 GC heap after
{Heap after GC invocations=110 (full 0):
 garbage-first heap   total 555008K, used 298767K [0x0000000700000000, 0x0000000800000000)
  region size 2048K, 16 young (32768K), 16 survivors (32768K)
 Metaspace       used 233991K, committed 237312K, reserved 1310720K
  class space    used 29770K, committed 31360K, reserved 1048576K
}
Event: 60.192 GC heap before
{Heap before GC invocations=110 (full 0):
 garbage-first heap   total 555008K, used 507663K [0x0000000700000000, 0x0000000800000000)
  region size 2048K, 118 young (241664K), 16 survivors (32768K)
 Metaspace       used 234413K, committed 237760K, reserved 1310720K
  class space    used 29791K, committed 31360K, reserved 1048576K
}
Event: 60.212 GC heap after
{Heap after GC invocations=111 (full 0):
 garbage-first heap   total 563200K, used 319609K [0x0000000700000000, 0x0000000800000000)
  region size 2048K, 11 young (22528K), 11 survivors (22528K)
 Metaspace       used 234413K, committed 237760K, reserved 1310720K
  class space    used 29791K, committed 31360K, reserved 1048576K
}
Event: 60.728 GC heap before
{Heap before GC invocations=112 (full 0):
 garbage-first heap   total 563200K, used 512121K [0x0000000700000000, 0x0000000800000000)
  region size 2048K, 105 young (215040K), 11 survivors (22528K)
 Metaspace       used 234730K, committed 238400K, reserved 1310720K
  class space    used 29762K, committed 31488K, reserved 1048576K
}
Event: 60.741 GC heap after
{Heap after GC invocations=113 (full 0):
 garbage-first heap   total 563200K, used 334124K [0x0000000700000000, 0x0000000800000000)
  region size 2048K, 10 young (20480K), 10 survivors (20480K)
 Metaspace       used 234730K, committed 238400K, reserved 1310720K
  class space    used 29762K, committed 31488K, reserved 1048576K
}
Event: 61.213 GC heap before
{Heap before GC invocations=113 (full 0):
 garbage-first heap   total 563200K, used 510252K [0x0000000700000000, 0x0000000800000000)
  region size 2048K, 97 young (198656K), 10 survivors (20480K)
 Metaspace       used 234874K, committed 238464K, reserved 1310720K
  class space    used 29764K, committed 31488K, reserved 1048576K
}
Event: 61.227 GC heap after
{Heap after GC invocations=114 (full 0):
 garbage-first heap   total 563200K, used 346476K [0x0000000700000000, 0x0000000800000000)
  region size 2048K, 10 young (20480K), 10 survivors (20480K)
 Metaspace       used 234874K, committed 238464K, reserved 1310720K
  class space    used 29764K, committed 31488K, reserved 1048576K
}
Event: 62.119 GC heap before
{Heap before GC invocations=114 (full 0):
 garbage-first heap   total 563200K, used 514412K [0x0000000700000000, 0x0000000800000000)
  region size 2048K, 93 young (190464K), 10 survivors (20480K)
 Metaspace       used 237628K, committed 240832K, reserved 1310720K
  class space    used 30155K, committed 31680K, reserved 1048576K
}
Event: 62.131 GC heap after
{Heap after GC invocations=115 (full 0):
 garbage-first heap   total 563200K, used 358731K [0x0000000700000000, 0x0000000800000000)
  region size 2048K, 8 young (16384K), 8 survivors (16384K)
 Metaspace       used 237628K, committed 240832K, reserved 1310720K
  class space    used 30155K, committed 31680K, reserved 1048576K
}
Event: 62.678 GC heap before
{Heap before GC invocations=116 (full 0):
 garbage-first heap   total 602112K, used 516427K [0x0000000700000000, 0x0000000800000000)
  region size 2048K, 86 young (176128K), 8 survivors (16384K)
 Metaspace       used 238329K, committed 241536K, reserved 1310720K
  class space    used 30269K, committed 31808K, reserved 1048576K
}
Event: 62.687 GC heap after
{Heap after GC invocations=117 (full 0):
 garbage-first heap   total 602112K, used 366524K [0x0000000700000000, 0x0000000800000000)
  region size 2048K, 4 young (8192K), 4 survivors (8192K)
 Metaspace       used 238329K, committed 241536K, reserved 1310720K
  class space    used 30269K, committed 31808K, reserved 1048576K
}

